2018-02-26 21:41:16 INFO  ApacheHttpClient.testConnection(184) - responseCode = 200
2018-02-26 21:41:16 INFO  ApacheHttpClient.testConnection(192) - result = true
2018-02-26 21:41:23 INFO  ApacheHttpClient.sendEvent(457) - responseCode = 200
2018-02-26 21:42:23 INFO  ApacheHttpClient.sendEvent(457) - responseCode = 200
2018-02-26 21:42:23 INFO  ApacheHttpClient.sendEvent(457) - responseCode = 200
2018-02-26 21:42:23 INFO  ApacheHttpClient.testConnection(184) - responseCode = 200
2018-02-26 21:42:23 INFO  ApacheHttpClient.testConnection(192) - result = true
2018-02-26 21:42:43 INFO  ApacheHttpClient.getWebResourceAsStream(427) - responseCode = 200
2018-02-26 21:42:43 INFO  ApacheHttpClient.getFilteredTasks(314) - responseCode = 200
2018-02-26 21:42:44 INFO  ApacheHttpClient.getTaskTemplateInfo(331) - responseCode = 200
2018-02-26 21:42:46 INFO  ApacheHttpClient.testConnection(184) - responseCode = 200
2018-02-26 21:42:46 INFO  ApacheHttpClient.testConnection(192) - result = true
2018-02-26 21:42:47 INFO  ApacheHttpClient.testConnection(184) - responseCode = 200
2018-02-26 21:42:47 INFO  ApacheHttpClient.testConnection(192) - result = true
2018-02-26 21:42:47 INFO  ApacheHttpClient.getWebResourceAsStream(427) - responseCode = 200
2018-02-26 21:42:47 INFO  ApacheHttpClient.getTaskTemplateInfo(331) - responseCode = 200
2018-02-26 21:42:48 INFO  ApacheHttpClient.testConnection(184) - responseCode = 200
2018-02-26 21:42:48 INFO  ApacheHttpClient.testConnection(192) - result = true
2018-02-26 21:42:48 INFO  ApacheHttpClient.testConnection(184) - responseCode = 200
2018-02-26 21:42:48 INFO  ApacheHttpClient.testConnection(192) - result = true
2018-02-26 21:42:48 INFO  ApacheHttpClient.getWebResourceAsStream(427) - responseCode = 200
2018-02-26 21:43:08 INFO  ApacheHttpClient.testConnection(184) - responseCode = 200
2018-02-26 21:43:08 INFO  ApacheHttpClient.testConnection(192) - result = true
2018-02-26 21:43:23 INFO  ApacheHttpClient.sendEvent(457) - responseCode = 200
2018-02-26 21:44:23 INFO  ApacheHttpClient.sendEvent(457) - responseCode = 200
2018-02-26 21:45:23 INFO  ApacheHttpClient.sendEvent(457) - responseCode = 200
2018-02-26 21:46:23 INFO  ApacheHttpClient.sendEvent(457) - responseCode = 200
2018-02-26 21:47:23 INFO  ApacheHttpClient.sendEvent(457) - responseCode = 200
2018-02-26 21:48:23 INFO  ApacheHttpClient.sendEvent(457) - responseCode = 200
2018-02-26 21:49:23 INFO  ApacheHttpClient.sendEvent(457) - responseCode = 200
2018-02-26 21:50:23 INFO  ApacheHttpClient.sendEvent(457) - responseCode = 200
2018-02-26 21:51:23 INFO  ApacheHttpClient.sendEvent(457) - responseCode = 200
2018-02-26 21:52:23 INFO  ApacheHttpClient.sendEvent(457) - responseCode = 200
2018-02-26 21:53:23 INFO  ApacheHttpClient.sendEvent(457) - responseCode = 200
2018-02-26 21:54:23 INFO  ApacheHttpClient.sendEvent(457) - responseCode = 200
2018-02-26 21:55:23 INFO  ApacheHttpClient.sendEvent(457) - responseCode = 200
2018-02-26 21:56:23 INFO  ApacheHttpClient.sendEvent(457) - responseCode = 200
2018-02-26 21:57:23 INFO  ApacheHttpClient.sendEvent(457) - responseCode = 200
2018-02-26 21:58:23 INFO  ApacheHttpClient.sendEvent(457) - responseCode = 200
2018-02-26 21:59:23 INFO  ApacheHttpClient.sendEvent(457) - responseCode = 200
2018-02-26 22:00:23 INFO  ApacheHttpClient.sendEvent(457) - responseCode = 200
2018-02-26 22:01:23 INFO  ApacheHttpClient.sendEvent(457) - responseCode = 200
2018-02-26 22:02:23 INFO  ApacheHttpClient.sendEvent(457) - responseCode = 200
2018-02-26 22:03:23 INFO  ApacheHttpClient.sendEvent(457) - responseCode = 200
2018-02-26 22:04:23 INFO  ApacheHttpClient.sendEvent(457) - responseCode = 200
2018-02-26 22:05:23 INFO  ApacheHttpClient.sendEvent(457) - responseCode = 200
2018-02-26 22:06:23 INFO  ApacheHttpClient.sendEvent(457) - responseCode = 200
2018-02-26 22:07:23 INFO  ApacheHttpClient.sendEvent(457) - responseCode = 200
2018-02-26 22:08:23 INFO  ApacheHttpClient.sendEvent(457) - responseCode = 200
2018-02-26 22:09:23 INFO  ApacheHttpClient.sendEvent(457) - responseCode = 200
2018-02-26 22:10:23 INFO  ApacheHttpClient.sendEvent(457) - responseCode = 200
2018-02-26 22:10:50 INFO  ApacheHttpClient.getWebResourceAsStream(427) - responseCode = 200
2018-02-26 22:10:50 INFO  ApacheHttpClient.getTask(412) - responseCode = 200
2018-02-26 22:11:23 INFO  ApacheHttpClient.sendEvent(457) - responseCode = 200
2018-02-26 22:12:23 INFO  ApacheHttpClient.sendEvent(457) - responseCode = 200
2018-02-26 22:13:23 INFO  ApacheHttpClient.sendEvent(457) - responseCode = 200
2018-02-26 22:14:23 INFO  ApacheHttpClient.sendEvent(457) - responseCode = 200
2018-02-26 22:15:23 INFO  ApacheHttpClient.sendEvent(457) - responseCode = 200
2018-02-26 22:16:00 INFO  ApacheHttpClient.getWebResourceAsStream(427) - responseCode = 200
2018-02-26 22:16:01 INFO  ApacheHttpClient.getTask(412) - responseCode = 200
2018-02-26 22:16:01 INFO  ApacheHttpClient.getWebResourceAsStream(427) - responseCode = 200
2018-02-26 22:16:03 INFO  ApacheHttpClient.completed(27) - responseCode = 200
2018-02-26 22:16:23 INFO  ApacheHttpClient.sendEvent(457) - responseCode = 200
2018-02-26 22:16:24 INFO  ApacheHttpClient.getWebResourceAsStream(427) - responseCode = 200
2018-02-26 22:16:24 WARN  JavaRushUtil.getCurrentTask(68) - Ошибка получения ключа задачи.
2018-02-26 22:16:24 WARN  JavaRushUtil.getCurrentDirectory(99) - Ошибка получения текущей директории.
2018-02-26 22:16:24 WARN  JavaRushUtil.getCurrentDirectory(99) - Ошибка получения текущей директории.
2018-02-26 22:16:24 INFO  ApacheHttpClient.getTask(412) - responseCode = 200
2018-02-26 22:16:24 INFO  ApacheHttpClient.getTask(412) - responseCode = 200
2018-02-26 22:16:25 INFO  ApacheHttpClient.getWebResourceAsStream(427) - responseCode = 200
2018-02-26 22:16:28 INFO  ApacheHttpClient.completed(27) - responseCode = 200
2018-02-26 22:17:23 INFO  ApacheHttpClient.sendEvent(457) - responseCode = 200
2018-02-26 22:17:27 INFO  ApacheHttpClient.getWebResourceAsStream(427) - responseCode = 200
2018-02-26 22:17:27 INFO  ApacheHttpClient.getTask(412) - responseCode = 200
2018-02-26 22:17:28 INFO  ApacheHttpClient.getWebResourceAsStream(427) - responseCode = 200
2018-02-26 22:17:28 INFO  ApacheHttpClient.completed(27) - responseCode = 200
2018-02-26 22:17:44 INFO  ApacheHttpClient.getWebResourceAsStream(427) - responseCode = 200
2018-02-26 22:17:44 INFO  ApacheHttpClient.getTask(412) - responseCode = 200
2018-02-26 22:17:44 INFO  ApacheHttpClient.getWebResourceAsStream(427) - responseCode = 200
2018-02-26 22:17:47 INFO  ApacheHttpClient.completed(27) - responseCode = 200
2018-02-26 22:17:47 INFO  ApacheHttpClient.getTask(412) - responseCode = 200
2018-02-26 22:18:23 INFO  ApacheHttpClient.sendEvent(457) - responseCode = 200
2018-02-26 22:19:23 INFO  ApacheHttpClient.sendEvent(457) - responseCode = 200
2018-02-26 22:20:23 INFO  ApacheHttpClient.sendEvent(457) - responseCode = 200
2018-02-26 22:21:23 INFO  ApacheHttpClient.sendEvent(457) - responseCode = 200
2018-02-26 22:22:08 INFO  ApacheHttpClient.getWebResourceAsStream(427) - responseCode = 200
2018-02-26 22:22:08 INFO  ApacheHttpClient.getFilteredTasks(314) - responseCode = 200
2018-02-26 22:22:09 INFO  ApacheHttpClient.getTaskTemplateInfo(331) - responseCode = 200
2018-02-26 22:22:10 INFO  ApacheHttpClient.testConnection(184) - responseCode = 200
2018-02-26 22:22:10 INFO  ApacheHttpClient.testConnection(192) - result = true
2018-02-26 22:22:10 INFO  ApacheHttpClient.testConnection(184) - responseCode = 200
2018-02-26 22:22:10 INFO  ApacheHttpClient.testConnection(192) - result = true
2018-02-26 22:22:10 INFO  ApacheHttpClient.getWebResourceAsStream(427) - responseCode = 200
2018-02-26 22:22:23 INFO  ApacheHttpClient.sendEvent(457) - responseCode = 200
2018-02-26 22:23:23 INFO  ApacheHttpClient.sendEvent(457) - responseCode = 200
2018-02-26 22:24:23 INFO  ApacheHttpClient.sendEvent(457) - responseCode = 200
2018-02-26 22:25:23 INFO  ApacheHttpClient.sendEvent(457) - responseCode = 200
2018-02-26 22:26:23 INFO  ApacheHttpClient.sendEvent(457) - responseCode = 200
2018-02-26 22:27:23 INFO  ApacheHttpClient.sendEvent(457) - responseCode = 200
2018-02-26 22:28:23 INFO  ApacheHttpClient.sendEvent(457) - responseCode = 200
2018-02-26 22:29:23 INFO  ApacheHttpClient.sendEvent(457) - responseCode = 200
2018-02-26 22:29:45 INFO  ApacheHttpClient.testConnection(184) - responseCode = 200
2018-02-26 22:29:45 INFO  ApacheHttpClient.testConnection(192) - result = true
2018-02-26 22:30:23 INFO  ApacheHttpClient.sendEvent(457) - responseCode = 200
2018-02-26 22:31:23 INFO  ApacheHttpClient.sendEvent(457) - responseCode = 200
2018-02-26 22:32:23 INFO  ApacheHttpClient.sendEvent(457) - responseCode = 200
2018-02-26 22:33:23 INFO  ApacheHttpClient.sendEvent(457) - responseCode = 200
2018-02-26 22:34:23 INFO  ApacheHttpClient.sendEvent(457) - responseCode = 200
2018-02-26 22:35:23 INFO  ApacheHttpClient.sendEvent(457) - responseCode = 200
2018-02-26 22:35:41 INFO  ApacheHttpClient.getWebResourceAsStream(427) - responseCode = 200
2018-02-26 22:35:41 INFO  ApacheHttpClient.getTask(412) - responseCode = 200
2018-02-26 22:35:41 INFO  ApacheHttpClient.getWebResourceAsStream(427) - responseCode = 200
2018-02-26 22:35:43 INFO  ApacheHttpClient.completed(27) - responseCode = 200
2018-02-26 22:35:43 INFO  ApacheHttpClient.getTask(412) - responseCode = 200
2018-02-26 22:35:48 INFO  ApacheHttpClient.getWebResourceAsStream(427) - responseCode = 200
2018-02-26 22:35:48 WARN  JavaRushUtil.getCurrentTask(68) - Ошибка получения ключа задачи.
2018-02-26 22:35:48 INFO  ApacheHttpClient.getTask(412) - responseCode = 200
2018-02-26 22:36:23 INFO  ApacheHttpClient.sendEvent(457) - responseCode = 200
2018-02-26 22:37:23 INFO  ApacheHttpClient.sendEvent(457) - responseCode = 200
2018-02-26 22:38:23 INFO  ApacheHttpClient.sendEvent(457) - responseCode = 200
2018-02-26 22:39:23 INFO  ApacheHttpClient.sendEvent(457) - responseCode = 200
2018-02-26 22:40:23 INFO  ApacheHttpClient.sendEvent(457) - responseCode = 200
2018-02-26 22:41:23 INFO  ApacheHttpClient.sendEvent(457) - responseCode = 200
2018-02-26 22:41:46 INFO  ApacheHttpClient.getWebResourceAsStream(427) - responseCode = 200
2018-02-26 22:41:46 INFO  ApacheHttpClient.getFilteredTasks(314) - responseCode = 200
2018-02-26 22:41:49 INFO  ApacheHttpClient.getTaskTemplateInfo(331) - responseCode = 200
2018-02-26 22:41:49 INFO  ApacheHttpClient.testConnection(184) - responseCode = 200
2018-02-26 22:41:49 INFO  ApacheHttpClient.testConnection(192) - result = true
2018-02-26 22:41:49 INFO  ApacheHttpClient.testConnection(184) - responseCode = 200
2018-02-26 22:41:49 INFO  ApacheHttpClient.testConnection(192) - result = true
2018-02-26 22:41:49 INFO  ApacheHttpClient.getWebResourceAsStream(427) - responseCode = 200
2018-02-26 22:42:23 INFO  ApacheHttpClient.sendEvent(457) - responseCode = 200
2018-02-26 22:43:23 INFO  ApacheHttpClient.sendEvent(457) - responseCode = 200
2018-02-26 22:44:23 INFO  ApacheHttpClient.sendEvent(457) - responseCode = 200
2018-02-26 22:45:23 INFO  ApacheHttpClient.sendEvent(457) - responseCode = 200
2018-02-26 22:46:23 INFO  ApacheHttpClient.sendEvent(457) - responseCode = 200
2018-02-26 22:47:23 INFO  ApacheHttpClient.sendEvent(457) - responseCode = 200
2018-02-26 22:48:23 INFO  ApacheHttpClient.sendEvent(457) - responseCode = 200
2018-02-26 22:49:23 INFO  ApacheHttpClient.sendEvent(457) - responseCode = 200
2018-02-26 22:50:23 INFO  ApacheHttpClient.sendEvent(457) - responseCode = 200
2018-02-26 22:51:23 INFO  ApacheHttpClient.sendEvent(457) - responseCode = 200
2018-02-26 22:52:23 INFO  ApacheHttpClient.sendEvent(457) - responseCode = 200
2018-02-26 22:53:23 INFO  ApacheHttpClient.sendEvent(457) - responseCode = 200
2018-02-26 22:53:39 INFO  ApacheHttpClient.getWebResourceAsStream(427) - responseCode = 200
2018-02-26 22:53:39 INFO  ApacheHttpClient.getTask(412) - responseCode = 200
2018-02-26 22:53:40 INFO  ApacheHttpClient.getWebResourceAsStream(427) - responseCode = 200
2018-02-26 22:53:41 INFO  ApacheHttpClient.completed(27) - responseCode = 200
2018-02-26 22:53:41 INFO  ApacheHttpClient.getTask(412) - responseCode = 200
2018-02-26 22:53:46 INFO  ApacheHttpClient.getWebResourceAsStream(427) - responseCode = 200
2018-02-26 22:53:46 WARN  JavaRushUtil.getCurrentTask(68) - Ошибка получения ключа задачи.
2018-02-26 22:53:46 INFO  ApacheHttpClient.getTask(412) - responseCode = 200
2018-02-26 22:54:23 INFO  ApacheHttpClient.sendEvent(457) - responseCode = 200
2018-02-26 22:55:23 INFO  ApacheHttpClient.sendEvent(457) - responseCode = 200
2018-02-26 22:56:23 INFO  ApacheHttpClient.sendEvent(457) - responseCode = 200
2018-02-26 22:56:39 INFO  ApacheHttpClient.getWebResourceAsStream(427) - responseCode = 200
2018-02-26 22:56:39 INFO  ApacheHttpClient.getFilteredTasks(314) - responseCode = 200
2018-02-26 22:56:43 INFO  ApacheHttpClient.getTaskTemplateInfo(331) - responseCode = 200
2018-02-26 22:56:43 INFO  ApacheHttpClient.testConnection(184) - responseCode = 200
2018-02-26 22:56:43 INFO  ApacheHttpClient.testConnection(192) - result = true
2018-02-26 22:56:43 INFO  ApacheHttpClient.testConnection(184) - responseCode = 200
2018-02-26 22:56:43 INFO  ApacheHttpClient.testConnection(192) - result = true
2018-02-26 22:56:43 INFO  ApacheHttpClient.getWebResourceAsStream(427) - responseCode = 200
2018-02-26 22:57:23 INFO  ApacheHttpClient.sendEvent(457) - responseCode = 200
2018-02-26 22:58:23 INFO  ApacheHttpClient.sendEvent(457) - responseCode = 200
2018-02-26 22:59:23 INFO  ApacheHttpClient.sendEvent(457) - responseCode = 200
2018-02-26 23:00:23 INFO  ApacheHttpClient.sendEvent(457) - responseCode = 200
2018-02-26 23:01:23 INFO  ApacheHttpClient.sendEvent(457) - responseCode = 200
2018-02-26 23:02:23 INFO  ApacheHttpClient.sendEvent(457) - responseCode = 200
2018-02-26 23:03:23 INFO  ApacheHttpClient.sendEvent(457) - responseCode = 200
2018-02-26 23:04:23 INFO  ApacheHttpClient.sendEvent(457) - responseCode = 200
2018-02-26 23:05:23 INFO  ApacheHttpClient.sendEvent(457) - responseCode = 200
2018-02-26 23:06:23 INFO  ApacheHttpClient.sendEvent(457) - responseCode = 200
2018-02-26 23:06:51 INFO  JavaRushTasksProjectComponent.projectClosing(162) - ---------- Project JavaRushTasks closed ----------

2018-02-26 23:06:52 INFO  ApacheHttpClient.getTask(412) - responseCode = 200
2018-02-26 23:06:52 INFO  ApacheHttpClient.getTask(412) - responseCode = 200
2018-02-26 23:06:52 INFO  ApacheHttpClient.getTask(412) - responseCode = 200
2018-02-26 23:06:52 INFO  ApacheHttpClient.getTask(412) - responseCode = 200
2018-02-26 23:06:52 INFO  ApacheHttpClient.getTask(412) - responseCode = 200
2018-02-26 23:06:52 INFO  ApacheHttpClient.getTask(412) - responseCode = 200
2018-02-26 23:07:19 INFO  JavaRushTasksProjectComponent.projectOpened(68) - ---------- Project JavaRushTasks opened ----------

2018-02-26 23:07:20 INFO  ApacheHttpClient.createAsyncHttpClient(126) - Выбрано 1 прокси.
2018-02-26 23:07:20 INFO  ApacheHttpClient.<init>(87) - ApacheHttpClient проинстанциирован успешно.
2018-02-26 23:07:20 INFO  ApacheHttpClient.testConnection(184) - responseCode = 200
2018-02-26 23:07:20 INFO  ApacheHttpClient.testConnection(192) - result = true
2018-02-26 23:07:20 INFO  ApacheHttpClient.login(216) - Ожидание ответа сервера.
2018-02-26 23:07:20 INFO  ApacheHttpClient.login(220) - responseCode = 200
2018-02-26 23:07:20 INFO  ApacheHttpClient.login(251) - JSESSIONID=8B2F7E344792958B25B5A5F04C8F2BD3
2018-02-26 23:07:21 INFO  ApacheHttpClient.refreshUserInfo(279) - responseCode = 200
2018-02-26 23:07:21 INFO  ApacheHttpClient.refreshUserInfo(285) - Информация о пользователе получена.
2018-02-26 23:07:21 INFO  ApacheHttpClient.startGA(31) - GAService запущен.
2018-02-26 23:07:21 INFO  AbstractRestApiClient.startService(70) - EventsService запущен.
2018-02-26 23:07:23 INFO  ApacheHttpClient.testConnection(184) - responseCode = 200
2018-02-26 23:07:23 INFO  ApacheHttpClient.testConnection(192) - result = true
2018-02-26 23:07:23 INFO  ApacheHttpClient.testConnection(184) - responseCode = 200
2018-02-26 23:07:23 INFO  ApacheHttpClient.testConnection(192) - result = true
2018-02-26 23:07:24 INFO  ApacheHttpClient.getWebResourceAsStream(427) - responseCode = 200
2018-02-26 23:07:26 INFO  ApacheHttpClient.testConnection(184) - responseCode = 200
2018-02-26 23:07:26 INFO  ApacheHttpClient.testConnection(192) - result = true
2018-02-26 23:07:28 INFO  ApacheHttpClient.testConnection(184) - responseCode = 200
2018-02-26 23:07:28 INFO  ApacheHttpClient.testConnection(192) - result = true
2018-02-26 23:07:28 INFO  ApacheHttpClient.testConnection(184) - responseCode = 200
2018-02-26 23:07:28 INFO  ApacheHttpClient.testConnection(192) - result = true
2018-02-26 23:08:21 INFO  ApacheHttpClient.sendEvent(457) - responseCode = 200
2018-02-26 23:09:21 INFO  ApacheHttpClient.sendEvent(457) - responseCode = 200
2018-02-26 23:10:21 INFO  ApacheHttpClient.sendEvent(457) - responseCode = 200
2018-02-26 23:11:21 INFO  ApacheHttpClient.sendEvent(457) - responseCode = 200
2018-02-26 23:12:21 INFO  ApacheHttpClient.sendEvent(457) - responseCode = 200
2018-02-26 23:13:21 INFO  ApacheHttpClient.sendEvent(457) - responseCode = 200
2018-02-26 23:14:21 INFO  ApacheHttpClient.sendEvent(457) - responseCode = 200
2018-02-26 23:15:21 INFO  ApacheHttpClient.sendEvent(457) - responseCode = 200
2018-02-26 23:16:21 INFO  ApacheHttpClient.sendEvent(457) - responseCode = 200
2018-02-26 23:17:21 INFO  ApacheHttpClient.sendEvent(457) - responseCode = 200
2018-02-26 23:18:21 INFO  ApacheHttpClient.sendEvent(457) - responseCode = 200
2018-02-26 23:19:21 INFO  ApacheHttpClient.sendEvent(457) - responseCode = 200
2018-02-26 23:20:21 INFO  ApacheHttpClient.sendEvent(457) - responseCode = 200
2018-02-26 23:21:21 INFO  ApacheHttpClient.sendEvent(457) - responseCode = 200
2018-02-26 23:22:21 INFO  ApacheHttpClient.sendEvent(457) - responseCode = 200
2018-02-26 23:23:21 INFO  ApacheHttpClient.sendEvent(457) - responseCode = 200
2018-02-26 23:24:21 INFO  ApacheHttpClient.sendEvent(457) - responseCode = 200
2018-02-26 23:25:21 INFO  ApacheHttpClient.sendEvent(457) - responseCode = 200
2018-02-26 23:26:21 INFO  ApacheHttpClient.sendEvent(457) - responseCode = 200
2018-02-26 23:27:21 INFO  ApacheHttpClient.sendEvent(457) - responseCode = 200
2018-02-26 23:28:21 INFO  ApacheHttpClient.sendEvent(457) - responseCode = 200
2018-02-26 23:29:21 INFO  ApacheHttpClient.sendEvent(457) - responseCode = 200
2018-02-26 23:30:21 INFO  ApacheHttpClient.sendEvent(457) - responseCode = 200
2018-02-26 23:31:21 INFO  ApacheHttpClient.sendEvent(457) - responseCode = 200
2018-02-26 23:32:21 INFO  ApacheHttpClient.sendEvent(457) - responseCode = 200
2018-02-26 23:33:21 INFO  ApacheHttpClient.sendEvent(457) - responseCode = 200
2018-02-26 23:34:21 INFO  ApacheHttpClient.sendEvent(457) - responseCode = 200
2018-02-26 23:35:21 INFO  ApacheHttpClient.sendEvent(457) - responseCode = 200
2018-02-26 23:36:21 INFO  ApacheHttpClient.sendEvent(457) - responseCode = 200
2018-02-26 23:37:21 INFO  ApacheHttpClient.sendEvent(457) - responseCode = 200
2018-02-26 23:38:21 INFO  ApacheHttpClient.sendEvent(457) - responseCode = 200
2018-02-26 23:39:21 INFO  ApacheHttpClient.sendEvent(457) - responseCode = 200
2018-02-26 23:39:53 INFO  JavaRushTasksProjectComponent.projectClosing(162) - ---------- Project JavaRushTasks closed ----------

2018-02-26 23:39:53 INFO  ApacheHttpClient.getTask(412) - responseCode = 200
2018-02-27 22:43:37 INFO  JavaRushTasksProjectComponent.projectOpened(68) - ---------- Project JavaRushTasks opened ----------

2018-02-27 22:43:37 INFO  ApacheHttpClient.createAsyncHttpClient(126) - Выбрано 1 прокси.
2018-02-27 22:43:38 INFO  ApacheHttpClient.<init>(87) - ApacheHttpClient проинстанциирован успешно.
2018-02-27 22:43:39 INFO  ApacheHttpClient.testConnection(184) - responseCode = 200
2018-02-27 22:43:39 INFO  ApacheHttpClient.testConnection(192) - result = true
2018-02-27 22:43:39 INFO  ApacheHttpClient.login(216) - Ожидание ответа сервера.
2018-02-27 22:43:39 INFO  ApacheHttpClient.login(216) - Ожидание ответа сервера.
2018-02-27 22:43:39 INFO  ApacheHttpClient.login(220) - responseCode = 200
2018-02-27 22:43:39 INFO  ApacheHttpClient.login(251) - JSESSIONID=D0003AB1DD0E2FBD819079753A1C4E71
2018-02-27 22:43:39 INFO  ApacheHttpClient.refreshUserInfo(279) - responseCode = 200
2018-02-27 22:43:39 INFO  ApacheHttpClient.refreshUserInfo(285) - Информация о пользователе получена.
2018-02-27 22:43:39 INFO  ApacheHttpClient.startGA(31) - GAService запущен.
2018-02-27 22:43:39 INFO  AbstractRestApiClient.startService(70) - EventsService запущен.
2018-02-27 22:43:42 INFO  ApacheHttpClient.testConnection(184) - responseCode = 200
2018-02-27 22:43:42 INFO  ApacheHttpClient.testConnection(192) - result = true
2018-02-27 22:43:43 INFO  ApacheHttpClient.testConnection(184) - responseCode = 200
2018-02-27 22:43:43 INFO  ApacheHttpClient.testConnection(192) - result = true
2018-02-27 22:43:44 INFO  ApacheHttpClient.testConnection(184) - responseCode = 200
2018-02-27 22:43:44 INFO  ApacheHttpClient.testConnection(192) - result = true
2018-02-27 22:43:44 INFO  ApacheHttpClient.getWebResourceAsStream(427) - responseCode = 200
2018-02-27 22:43:48 INFO  ApacheHttpClient.testConnection(184) - responseCode = 200
2018-02-27 22:43:48 INFO  ApacheHttpClient.testConnection(192) - result = true
2018-02-27 22:43:48 INFO  ApacheHttpClient.testConnection(184) - responseCode = 200
2018-02-27 22:43:48 INFO  ApacheHttpClient.testConnection(192) - result = true
2018-02-27 22:44:39 INFO  ApacheHttpClient.sendEvent(457) - responseCode = 200
2018-02-27 22:45:39 INFO  ApacheHttpClient.sendEvent(457) - responseCode = 200
2018-02-27 22:46:39 INFO  ApacheHttpClient.sendEvent(457) - responseCode = 200
2018-02-27 22:47:39 INFO  ApacheHttpClient.sendEvent(457) - responseCode = 200
2018-02-27 22:48:39 INFO  ApacheHttpClient.sendEvent(457) - responseCode = 200
2018-02-27 22:49:39 INFO  ApacheHttpClient.sendEvent(457) - responseCode = 200
2018-02-27 22:50:39 INFO  ApacheHttpClient.sendEvent(457) - responseCode = 200
2018-02-27 22:51:39 INFO  ApacheHttpClient.sendEvent(457) - responseCode = 200
2018-02-27 22:52:39 INFO  ApacheHttpClient.sendEvent(457) - responseCode = 200
2018-02-27 22:53:39 INFO  ApacheHttpClient.sendEvent(457) - responseCode = 200
2018-02-27 22:54:39 INFO  ApacheHttpClient.sendEvent(457) - responseCode = 200
2018-02-27 22:55:39 INFO  ApacheHttpClient.sendEvent(457) - responseCode = 200
2018-02-27 22:56:39 INFO  ApacheHttpClient.sendEvent(457) - responseCode = 200
2018-02-27 22:57:39 INFO  ApacheHttpClient.sendEvent(457) - responseCode = 200
2018-02-27 22:58:39 INFO  ApacheHttpClient.sendEvent(457) - responseCode = 200
2018-02-27 22:59:39 INFO  ApacheHttpClient.sendEvent(457) - responseCode = 200
2018-02-27 23:00:39 INFO  ApacheHttpClient.sendEvent(457) - responseCode = 200
2018-02-27 23:01:39 INFO  ApacheHttpClient.sendEvent(457) - responseCode = 200
2018-02-27 23:02:39 INFO  ApacheHttpClient.sendEvent(457) - responseCode = 200
2018-02-27 23:03:39 INFO  ApacheHttpClient.sendEvent(457) - responseCode = 200
2018-02-27 23:04:39 INFO  ApacheHttpClient.sendEvent(457) - responseCode = 200
2018-02-27 23:05:39 INFO  ApacheHttpClient.sendEvent(457) - responseCode = 200
2018-02-27 23:06:39 INFO  ApacheHttpClient.sendEvent(457) - responseCode = 200
2018-02-27 23:07:39 INFO  ApacheHttpClient.sendEvent(457) - responseCode = 200
2018-02-27 23:08:39 INFO  ApacheHttpClient.sendEvent(457) - responseCode = 200
2018-02-27 23:09:39 INFO  ApacheHttpClient.sendEvent(457) - responseCode = 200
2018-02-27 23:10:39 INFO  ApacheHttpClient.sendEvent(457) - responseCode = 200
2018-02-27 23:11:39 INFO  ApacheHttpClient.sendEvent(457) - responseCode = 200
2018-02-27 23:12:39 INFO  ApacheHttpClient.sendEvent(457) - responseCode = 200
2018-02-27 23:13:39 INFO  ApacheHttpClient.sendEvent(457) - responseCode = 200
2018-02-27 23:14:39 INFO  ApacheHttpClient.sendEvent(457) - responseCode = 200
2018-02-27 23:15:39 INFO  ApacheHttpClient.sendEvent(457) - responseCode = 200
2018-02-27 23:16:39 INFO  ApacheHttpClient.sendEvent(457) - responseCode = 200
2018-02-27 23:17:39 INFO  ApacheHttpClient.sendEvent(457) - responseCode = 200
2018-02-27 23:18:39 INFO  ApacheHttpClient.sendEvent(457) - responseCode = 200
2018-02-27 23:19:39 INFO  ApacheHttpClient.sendEvent(457) - responseCode = 200
2018-02-27 23:20:39 INFO  ApacheHttpClient.sendEvent(457) - responseCode = 200
2018-02-27 23:21:39 INFO  ApacheHttpClient.sendEvent(457) - responseCode = 200
2018-02-27 23:22:39 INFO  ApacheHttpClient.sendEvent(457) - responseCode = 200
2018-02-27 23:23:39 INFO  ApacheHttpClient.sendEvent(457) - responseCode = 200
2018-02-27 23:24:39 INFO  ApacheHttpClient.sendEvent(457) - responseCode = 200
2018-02-27 23:25:39 INFO  ApacheHttpClient.sendEvent(457) - responseCode = 200
2018-02-27 23:26:39 INFO  ApacheHttpClient.sendEvent(457) - responseCode = 200
2018-02-27 23:27:39 INFO  ApacheHttpClient.sendEvent(457) - responseCode = 200
2018-02-27 23:28:39 INFO  ApacheHttpClient.sendEvent(457) - responseCode = 200
2018-02-27 23:29:39 INFO  ApacheHttpClient.sendEvent(457) - responseCode = 200
2018-02-27 23:30:39 INFO  ApacheHttpClient.sendEvent(457) - responseCode = 200
2018-02-27 23:31:39 INFO  ApacheHttpClient.sendEvent(457) - responseCode = 200
2018-02-27 23:31:45 INFO  JavaRushTasksProjectComponent.projectClosing(162) - ---------- Project JavaRushTasks closed ----------

2018-02-27 23:31:45 INFO  ApacheHttpClient.getTask(412) - responseCode = 200
2018-02-28 23:44:08 INFO  JavaRushTasksProjectComponent.projectOpened(68) - ---------- Project JavaRushTasks opened ----------

2018-02-28 23:44:08 INFO  ApacheHttpClient.createAsyncHttpClient(126) - Выбрано 1 прокси.
2018-02-28 23:44:08 INFO  ApacheHttpClient.<init>(87) - ApacheHttpClient проинстанциирован успешно.
2018-02-28 23:44:08 INFO  ApacheHttpClient.testConnection(184) - responseCode = 200
2018-02-28 23:44:08 INFO  ApacheHttpClient.testConnection(192) - result = true
2018-02-28 23:44:08 INFO  ApacheHttpClient.login(216) - Ожидание ответа сервера.
2018-02-28 23:44:09 INFO  ApacheHttpClient.login(220) - responseCode = 200
2018-02-28 23:44:09 INFO  ApacheHttpClient.login(251) - JSESSIONID=2327AE7FE01DC3A0DC2E8840F27B9882
2018-02-28 23:44:09 INFO  ApacheHttpClient.refreshUserInfo(279) - responseCode = 200
2018-02-28 23:44:09 INFO  ApacheHttpClient.refreshUserInfo(285) - Информация о пользователе получена.
2018-02-28 23:44:09 INFO  ApacheHttpClient.startGA(31) - GAService запущен.
2018-02-28 23:44:09 INFO  AbstractRestApiClient.startService(70) - EventsService запущен.
2018-02-28 23:44:11 INFO  ApacheHttpClient.testConnection(184) - responseCode = 200
2018-02-28 23:44:11 INFO  ApacheHttpClient.testConnection(192) - result = true
2018-02-28 23:44:11 INFO  ApacheHttpClient.testConnection(184) - responseCode = 200
2018-02-28 23:44:11 INFO  ApacheHttpClient.testConnection(192) - result = true
2018-02-28 23:44:13 INFO  ApacheHttpClient.getWebResourceAsStream(427) - responseCode = 200
2018-02-28 23:44:15 INFO  ApacheHttpClient.testConnection(184) - responseCode = 200
2018-02-28 23:44:15 INFO  ApacheHttpClient.testConnection(192) - result = true
2018-02-28 23:44:17 INFO  ApacheHttpClient.testConnection(184) - responseCode = 200
2018-02-28 23:44:17 INFO  ApacheHttpClient.testConnection(192) - result = true
2018-02-28 23:44:17 INFO  ApacheHttpClient.testConnection(184) - responseCode = 200
2018-02-28 23:44:17 INFO  ApacheHttpClient.testConnection(192) - result = true
